<?xml version="1.0" encoding="UTF-8"?>
<testng-results ignored="0" total="2" passed="2" failed="0" skipped="0">
  <reporter-output>
  </reporter-output>
  <suite started-at="2026-01-03T13:40:19 GMT-06:00" name="Surefire suite" finished-at="2026-01-03T13:40:28 GMT-06:00" duration-ms="9358">
    <groups>
    </groups>
    <test started-at="2026-01-03T13:40:19 GMT-06:00" name="Surefire test" finished-at="2026-01-03T13:40:28 GMT-06:00" duration-ms="9358">
      <class name="cicdtestpakage.NewTest">
        <test-method signature="fun()[pri:0, instance:cicdtestpakage.NewTest@78dd667e]" started-at="2026-01-03T13:40:19 GMT-06:00" name="fun" finished-at="2026-01-03T13:40:19 GMT-06:00" duration-ms="7" status="PASS">
          <reporter-output>
          </reporter-output>
        </test-method> <!-- fun -->
        <test-method signature="googleTest()[pri:0, instance:cicdtestpakage.NewTest@78dd667e]" started-at="2026-01-03T13:40:19 GMT-06:00" name="googleTest" finished-at="2026-01-03T13:40:28 GMT-06:00" duration-ms="9306" status="PASS">
          <reporter-output>
          </reporter-output>
        </test-method> <!-- googleTest -->
      </class> <!-- cicdtestpakage.NewTest -->
    </test> <!-- Surefire test -->
  </suite> <!-- Surefire suite -->
</testng-results>
