<?xml version="1.0" encoding="UTF-8"?>
<testng-results ignored="0" total="2" passed="2" failed="0" skipped="0">
  <reporter-output>
  </reporter-output>
  <suite started-at="2026-01-02T23:51:16 GMT-06:00" name="Default suite" finished-at="2026-01-02T23:51:27 GMT-06:00" duration-ms="11143">
    <groups>
    </groups>
    <test started-at="2026-01-02T23:51:16 GMT-06:00" name="Default test" finished-at="2026-01-02T23:51:27 GMT-06:00" duration-ms="11143">
      <class name="cicdtestpakage.NewTest">
        <test-method signature="fun()[pri:0, instance:cicdtestpakage.NewTest@dd8ba08]" started-at="2026-01-02T23:51:16 GMT-06:00" name="fun" finished-at="2026-01-02T23:51:16 GMT-06:00" duration-ms="15" status="PASS">
          <reporter-output>
          </reporter-output>
        </test-method> <!-- fun -->
        <test-method signature="googleTest()[pri:0, instance:cicdtestpakage.NewTest@dd8ba08]" started-at="2026-01-02T23:51:16 GMT-06:00" name="googleTest" finished-at="2026-01-02T23:51:27 GMT-06:00" duration-ms="11046" status="PASS">
          <reporter-output>
          </reporter-output>
        </test-method> <!-- googleTest -->
      </class> <!-- cicdtestpakage.NewTest -->
    </test> <!-- Default test -->
  </suite> <!-- Default suite -->
</testng-results>
