<?xml version="1.0" encoding="UTF-8"?>
<!-- Generated by org.testng.reporters.JUnitReportReporter -->
<testsuite hostname="DESKTOP-J0A5UGV" failures="0" tests="2" name="cicdtestpakage.NewTest" time="9.313" errors="0" timestamp="2026-01-03T13:40:28 GMT-06:00" skipped="0">
  <testcase classname="cicdtestpakage.NewTest" name="googleTest" time="9.306"/>
  <system-out/>
  <testcase classname="cicdtestpakage.NewTest" name="fun" time="0.007"/>
  <system-out/>
</testsuite> <!-- cicdtestpakage.NewTest -->
